<?xml version="1.0" encoding="UTF-8"?>
<!-- Generated by org.testng.reporters.JUnitXMLReporter -->
<testsuite ignored="0" hostname="SameerJ" failures="1" tests="1" name="BankingApp Test Adding Cutomer" time="9.206" errors="0" timestamp="2021-08-27T12:24:21 IST">
  <testcase classname="io.cucumber.testng.AbstractTestNGCucumberTests" name="runScenario" time="9.018">
    <failure type="java.lang.AssertionError" message="expected [true] but found [false]">
      <![CDATA[java.lang.AssertionError: expected [true] but found [false]
at com.inetbanking.testCases.Customer_Add_BDD_002.manager_verify_cutomer_is_added_or_not(Customer_Add_BDD_002.java:106)
at ✽.manager verify cutomer is added or not(file:///C:/SAMEER/inetBanking/src/test/resources/Features/custAdd.feature:10)
... Removed 4 stack frames]]>
    </failure>
  </testcase> <!-- runScenario -->
</testsuite> <!-- BankingApp Test Adding Cutomer -->
