<?xml version="1.0" encoding="UTF-8"?>
<testng-results ignored="0" total="2" passed="2" failed="0" skipped="0">
  <reporter-output>
  </reporter-output>
  <suite started-at="2021-08-27T11:39:46 IST" name="InetBanking" finished-at="2021-08-27T11:40:07 IST" duration-ms="21319">
    <groups>
      <group name="cucumber">
        <method signature="AbstractTestNGCucumberTests.runScenario(io.cucumber.testng.PickleWrapper,io.cucumber.testng.FeatureWrapper)[pri:0, instance:com.inetbanking.runner.TestRunnerLogin@58b67519]" name="runScenario" class="io.cucumber.testng.AbstractTestNGCucumberTests"/>
        <method signature="AbstractTestNGCucumberTests.runScenario(io.cucumber.testng.PickleWrapper,io.cucumber.testng.FeatureWrapper)[pri:0, instance:com.inetbanking.runner.TestRunnerAddingCustomer@128c502c]" name="runScenario" class="io.cucumber.testng.AbstractTestNGCucumberTests"/>
      </group> <!-- cucumber -->
    </groups>
    <test started-at="2021-08-27T11:39:46 IST" name="BankingApp Test Login" finished-at="2021-08-27T11:39:56 IST" duration-ms="10291">
      <class name="com.inetbanking.runner.TestRunnerLogin">
        <test-method is-config="true" signature="setUpClass()[pri:0, instance:com.inetbanking.runner.TestRunnerLogin@58b67519]" started-at="2021-08-27T11:39:46 IST" name="setUpClass" finished-at="2021-08-27T11:39:46 IST" duration-ms="369" status="PASS">
          <reporter-output>
          </reporter-output>
        </test-method> <!-- setUpClass -->
        <test-method signature="runScenario(io.cucumber.testng.PickleWrapper,io.cucumber.testng.FeatureWrapper)[pri:0, instance:com.inetbanking.runner.TestRunnerLogin@58b67519]" started-at="2021-08-27T11:39:46 IST" name="runScenario" description="Runs Cucumber Scenarios" data-provider="scenarios" finished-at="2021-08-27T11:39:56 IST" duration-ms="9596" status="PASS">
          <params>
            <param index="0">
              <value>
                <![CDATA["Login Functionality"]]>
              </value>
            </param>
            <param index="1">
              <value>
                <![CDATA["Optional[InetBankin Testing]"]]>
              </value>
            </param>
          </params>
          <reporter-output>
          </reporter-output>
        </test-method> <!-- runScenario -->
        <test-method is-config="true" signature="tearDownClass()[pri:0, instance:com.inetbanking.runner.TestRunnerLogin@58b67519]" started-at="2021-08-27T11:39:56 IST" name="tearDownClass" finished-at="2021-08-27T11:39:56 IST" duration-ms="7" status="PASS">
          <reporter-output>
          </reporter-output>
        </test-method> <!-- tearDownClass -->
      </class> <!-- com.inetbanking.runner.TestRunnerLogin -->
    </test> <!-- BankingApp Test Login -->
    <test started-at="2021-08-27T11:39:56 IST" name="BankingApp Test Adding Cutomer" finished-at="2021-08-27T11:40:07 IST" duration-ms="10703">
      <class name="com.inetbanking.runner.TestRunnerAddingCustomer">
        <test-method is-config="true" signature="setUpClass()[pri:0, instance:com.inetbanking.runner.TestRunnerAddingCustomer@128c502c]" started-at="2021-08-27T11:39:56 IST" name="setUpClass" finished-at="2021-08-27T11:39:56 IST" duration-ms="5" status="PASS">
          <reporter-output>
          </reporter-output>
        </test-method> <!-- setUpClass -->
        <test-method signature="runScenario(io.cucumber.testng.PickleWrapper,io.cucumber.testng.FeatureWrapper)[pri:0, instance:com.inetbanking.runner.TestRunnerAddingCustomer@128c502c]" started-at="2021-08-27T11:39:56 IST" name="runScenario" description="Runs Cucumber Scenarios" data-provider="scenarios" finished-at="2021-08-27T11:40:07 IST" duration-ms="10688" status="PASS">
          <params>
            <param index="0">
              <value>
                <![CDATA["Adding Customer to The Bank Portal"]]>
              </value>
            </param>
            <param index="1">
              <value>
                <![CDATA["Optional[Inet Banking Testing Demo]"]]>
              </value>
            </param>
          </params>
          <reporter-output>
          </reporter-output>
        </test-method> <!-- runScenario -->
        <test-method is-config="true" signature="tearDownClass()[pri:0, instance:com.inetbanking.runner.TestRunnerAddingCustomer@128c502c]" started-at="2021-08-27T11:40:07 IST" name="tearDownClass" finished-at="2021-08-27T11:40:07 IST" duration-ms="1" status="PASS">
          <reporter-output>
          </reporter-output>
        </test-method> <!-- tearDownClass -->
      </class> <!-- com.inetbanking.runner.TestRunnerAddingCustomer -->
    </test> <!-- BankingApp Test Adding Cutomer -->
  </suite> <!-- InetBanking -->
</testng-results>
